Determining if the pthread_create exist failed with the following output:
Change Dir: /home/gemma/CLionProjects/progressbar/cmake-build-debug/CMakeFiles/CMakeTmp

Run Build Command:"/usr/bin/make" "cmTC_32a5d/fast"
/usr/bin/make -f CMakeFiles/cmTC_32a5d.dir/build.make CMakeFiles/cmTC_32a5d.dir/build
make[1]: ingresso nella directory "/home/gemma/CLionProjects/progressbar/cmake-build-debug/CMakeFiles/CMakeTmp"
Building C object CMakeFiles/cmTC_32a5d.dir/CheckSymbolExists.c.o
/usr/bin/cc    -o CMakeFiles/cmTC_32a5d.dir/CheckSymbolExists.c.o   -c /home/gemma/CLionProjects/progressbar/cmake-build-debug/CMakeFiles/CMakeTmp/CheckSymbolExists.c
Linking C executable cmTC_32a5d
/home/gemma/Scrivania/clion-2017.3.3/bin/cmake/bin/cmake -E cmake_link_script CMakeFiles/cmTC_32a5d.dir/link.txt --verbose=1
/usr/bin/cc      -rdynamic CMakeFiles/cmTC_32a5d.dir/CheckSymbolExists.c.o  -o cmTC_32a5d 
CMakeFiles/cmTC_32a5d.dir/CheckSymbolExists.c.o: nella funzione "main":
CheckSymbolExists.c:(.text+0x1b): riferimento non definito a "pthread_create"
collect2: error: ld returned 1 exit status
CMakeFiles/cmTC_32a5d.dir/build.make:97: set di istruzioni per l'obiettivo "cmTC_32a5d" non riuscito
make[1]: *** [cmTC_32a5d] Errore 1
make[1]: uscita dalla directory "/home/gemma/CLionProjects/progressbar/cmake-build-debug/CMakeFiles/CMakeTmp"
Makefile:126: set di istruzioni per l'obiettivo "cmTC_32a5d/fast" non riuscito
make: *** [cmTC_32a5d/fast] Errore 2

File /home/gemma/CLionProjects/progressbar/cmake-build-debug/CMakeFiles/CMakeTmp/CheckSymbolExists.c:
/* */
#include <pthread.h>

int main(int argc, char** argv)
{
  (void)argv;
#ifndef pthread_create
  return ((int*)(&pthread_create))[argc];
#else
  (void)argc;
  return 0;
#endif
}

